<?xml version="1.0" encoding="UTF-8"?>
<Site BuildName="(empty)"
	BuildStamp="20251121-1525-Experimental"
	Name="(empty)"
	Generator="ctest-3.31.3"
	CompilerName=""
	CompilerVersion=""
	OSName="macOS"
	Hostname="dhcp-10-248-160-221.eduroam.wireless.private.cam.ac.uk"
	OSRelease="15.6.1"
	OSVersion="24G90"
	OSPlatform="arm64"
	Is64Bits="1"
	VendorString="Apple"
	VendorID="Apple"
	FamilyID="0"
	ModelID="0"
	ModelName="Apple M3"
	ProcessorCacheSize="131072"
	NumberOfLogicalCPU="8"
	NumberOfPhysicalCPU="8"
	TotalVirtualMemory="6144"
	TotalPhysicalMemory="16384"
	LogicalProcessorsPerPhysical="8"
	ProcessorClockFrequency="0"
	>
	<Testing>
		<StartDateTime>Nov 21 15:25 GMT</StartDateTime>
		<StartTestTime>1763738750</StartTestTime>
		<TestList/>
		<EndDateTime>Nov 21 15:25 GMT</EndDateTime>
		<EndTestTime>1763738750</EndTestTime>
		<ElapsedMinutes>0</ElapsedMinutes>
	</Testing>
</Site>
